/home/kupi/Nextcloud/
# timestamp | duration | file | instruction | dir | modtime | etag | size | fileId | status | errorString | http result code | other size | other modtime | X-Request-ID
#=#=#=# Syncrun started 2024-12-29T13:50:05Z
#=#=#=#=# Propagation starts 2024-12-29T13:50:07Z (last step: 1981 msec, total: 1981 msec)
||Documents|8|2|1735478695|67714da730038|0|00001215oclls6ukw2tn|13||0|0|0||
||Photos|8|2|1735478719|67714dbfd0ace|0|00001220oclls6ukw2tn|13||0|0|0||
13:50:07||Documents/Readme.md|8|2|1735478692|d78694ff38eb4b0d5f22570cd6c3dd83|136|00001218oclls6ukw2tn|13||200|0|0|1882f871-9d1b-4253-9fde-c68174ff69e2|
13:50:08||Documents/Welcome to Nextcloud Hub.docx|8|2|1735478695|ee4ef28cf7ba95db6e892ff6c49aa7c0|24295|00001219oclls6ukw2tn|13||200|0|0|6f20da56-1451-4a48-9cd1-5866eb4f9f1a|
13:50:08||Documents/Example.md|8|2|1735478688|6518a8e4914373f053fc02949c22a600|1095|00001216oclls6ukw2tn|13||200|0|0|2f267bda-d015-468f-9f48-4383d5225f48|
13:50:08||Documents/Nextcloud flyer.pdf|8|2|1735478690|84a5b853326365e987da3d2c2239b920|1083339|00001217oclls6ukw2tn|13||200|0|0|7a4f5444-373c-4738-9b61-5dd09d5fe455|
13:50:08||Photos/Frog.jpg|8|2|1735478701|be6645a3f6b9c92593c029e9f167c31c|457744|00001222oclls6ukw2tn|13||200|0|0|9731a1ea-28c2-464a-aa8e-f55e3769b605|
13:50:08||Photos/Birdie.jpg|8|2|1735478698|a3f295dcc0c0e221495f36e92d52559b|593508|00001221oclls6ukw2tn|13||200|0|0|b3707e1d-b608-42c9-a5fc-3a9817b8ac75|
13:50:08||Photos/Gorilla.jpg|8|2|1735478704|9c1f2c6146f6ad2cb5392579e46b2834|474653|00001223oclls6ukw2tn|13||200|0|0|af5dd146-e4e0-4632-80c3-81c24f7cd4b1|
13:50:08||Photos/Readme.md|8|2|1735478711|23f8b0081057872367d30c89b010c297|150|00001226oclls6ukw2tn|13||200|0|0|3bf842a8-d2b5-411e-ad85-1cbf2e4397f0|
13:50:08||Photos/Steps.jpg|8|2|1735478713|607269846b6806cfc03a58193999ae92|567689|00001227oclls6ukw2tn|13||200|0|0|a0037392-0816-43e1-97a3-0cb0d79f305a|
13:50:08||Photos/Nextcloud community.jpg|8|2|1735478708|c7d7a11917a647ff3a627d8ed7205614|797325|00001225oclls6ukw2tn|13||200|0|0|61d20ca3-762d-49de-be15-e4b362a25a27|
13:50:08||Photos/Library.jpg|8|2|1735478706|cd03d4e2a96d395e54269c4e50107440|2170375|00001224oclls6ukw2tn|13||200|0|0|b674e9d4-3961-44fe-963c-3dc1c1d6b114|
||Talk|8|2|1735479695|6771518fb7225|0|00001505oclls6ukw2tn|13||0|0|0||
||Templates|8|2|1735478801|67714e1171438|0|00001230oclls6ukw2tn|13||0|0|0||
13:50:09||Photos/Toucan.jpg|8|2|1735478716|853ec1d0a4952e3862653f0e2cd055d0|167989|00001228oclls6ukw2tn|13||200|0|0|03ba8863-246e-47dd-b8ac-057a9a09fefd|
13:50:09||Photos/Vineyard.jpg|8|2|1735478719|4d5dd537e5e1d5c35b10fb538333255b|427030|00001229oclls6ukw2tn|13||200|0|0|90bf0c7e-1db7-40ab-bf37-ce5158679199|
13:50:09||Templates/Business model canvas.odg|8|2|1735478727|3ef0ae66c4ce20dc3bab91dea76c4f4f|16988|00001232oclls6ukw2tn|13||200|0|0|847bbea2-0b43-451c-8e7e-2ea004553507|
13:50:09||Templates/Brainstorming.whiteboard|8|2|1735478723|046be192fc46b990bd0511690350cff2|30780|00001231oclls6ukw2tn|13||200|0|0|4e18b134-7612-47c2-b4e3-496bcf3160e9|
13:50:09||Templates/Business model canvas.whiteboard|8|2|1735478731|701b568878a9214b65951a37b8640c49|30290|00001234oclls6ukw2tn|13||200|0|0|e86aa57f-5117-434b-b621-e9d31019878b|
13:50:09||Templates/Diagram & table.ods|8|2|1735478733|cb2a790874896b56abb5306af8ce4dba|13378|00001235oclls6ukw2tn|13||200|0|0|48d683cf-8990-42ac-8c7b-5d7eb49a874b|
13:50:09||Templates/Business model canvas.ods|8|2|1735478729|5d953c95e767ead142e41956b1effd1d|52843|00001233oclls6ukw2tn|13||200|0|0|4dc82773-9fdd-4c7f-8a2b-777d9c470ffe|
13:50:09||Templates/Elegant.odp|8|2|1735478736|dee615dfaced87660206c56ed75358a5|14316|00001236oclls6ukw2tn|13||200|0|0|a59ae702-c3df-4fb4-8b8d-2dab61998c09|
13:50:09||Templates/Expense report.ods|8|2|1735478738|b350501321c5f188a3593ff965d90d58|13441|00001237oclls6ukw2tn|13||200|0|0|575a9856-5465-4866-aad1-9813d1c3b46d|
13:50:09||Templates/Flowchart.odg|8|2|1735478740|90bfb30d0cdd6b4673d5441f72d0fdd3|11836|00001238oclls6ukw2tn|13||200|0|0|66c538fe-388f-423a-b5ec-77496b4c13dc|
13:50:09||Templates/Impact effort.whiteboard|8|2|1735478748|a1f68d0d40e376a7845a628e0094c7d7|30671|00001244oclls6ukw2tn|13||200|0|0|c3c5e988-2c75-4c63-b2f2-a67f94d1843f|
13:50:09||Templates/Flowchart.whiteboard|8|2|1735478743|af59f7e789850283457b783cc87583c5|31132|00001239oclls6ukw2tn|13||200|0|0|25e93162-6997-4a66-911e-bf284f9ebc54|
13:50:09||Templates/Invoice.odt|8|2|1735478750|b1803de19c9357077ccd30846aa2d320|17276|00001245oclls6ukw2tn|13||200|0|0|fa790c31-70d1-4838-a97e-313793974d2c|
13:50:10||Templates/Kanban board.whiteboard|8|2|1735478753|de1f5e816cfd62e3da31b32f85d83400|25621|00001246oclls6ukw2tn|13||200|0|0|f47f9eff-bf5a-410d-ae4f-1ed135f57553|
13:50:10||Templates/Letter.odt|8|2|1735478756|761d2396d7d043816679b8e4186c3313|15961|00001284oclls6ukw2tn|13||200|0|0|9796c201-cfa9-4175-bd61-0634ad237b3b|
13:50:10||Templates/Meeting agenda.whiteboard|8|2|1735478759|48f7788c087d71cfe164d2bd073869c3|27629|00001287oclls6ukw2tn|13||200|0|0|9182a1ce-9f6b-45f1-9b9f-106b75908be7|
13:50:10||Templates/Meeting notes.md|8|2|1735478761|c27b3cc49409b8191e1feb40a812b718|326|00001288oclls6ukw2tn|13||200|0|0|ce4f6795-f0c7-4499-b512-1582bcb52b10|
13:50:10||Templates/Mind map.whiteboard|8|2|1735478763|408797dfdd9926a710896548ff021430|35657|00001289oclls6ukw2tn|13||200|0|0|ddcf0da9-7fe9-4184-b736-bc2fd5a9221e|
13:50:10||Templates/Mindmap.odg|8|2|1735478766|7c81d1d3294dfc977d81c467ffb9f043|13653|00001291oclls6ukw2tn|13||200|0|0|5f009a82-bfb6-45fe-aad3-89adb11ef061|
13:50:09||Templates/Gotong royong.odp|8|2|1735478746|cedbbe9483bcb26b552772ebc4715738|3509628|00001242oclls6ukw2tn|13||200|0|0|fd6333dc-269e-4f00-a0c6-22753071ab13|
13:50:10||Templates/Mother's day.odt|8|2|1735478772|a3f46529d8eb1cbf47da989b6b69bcb1|340061|00001294oclls6ukw2tn|13||200|0|0|b118e961-34ca-4bcb-a258-87a0c6e174f9|
13:50:10||Templates/Modern company.odp|8|2|1735478769|4dc590c2fa9f7408b42279be85ccf4f6|317015|00001293oclls6ukw2tn|13||200|0|0|ef683fad-81ca-4551-9c7e-f80d80e88697|
13:50:11||Templates/Org chart.odg|8|2|1735478774|7ff64895d620a057938c5ebe97f49cb6|13878|00001295oclls6ukw2tn|13||200|0|0|5a1a81b0-a686-4f58-b99a-e8a350b4b943|
13:50:11||Templates/Product plan.md|8|2|1735478781|1b74347f7d23782f8d45740d2f8c4e87|573|00001298oclls6ukw2tn|13||200|0|0|a36be6ea-098f-4a32-a32d-b29d498eada8|
13:50:11||Templates/Party invitation.odt|8|2|1735478776|d10d3695f10eef8d49e3f77176147bdc|868111|00001296oclls6ukw2tn|13||200|0|0|0dc37049-dc15-4271-b88f-d89b8355b9ee|
13:50:11||Templates/Readme.md|8|2|1735478782|0dbc87e83e5b67620a853f64cf18dd2d|554|00001299oclls6ukw2tn|13||200|0|0|7db1d6ae-88c6-46bb-ab81-ba3a56ebf7f8|
13:50:11||Templates/Resume.odt|8|2|1735478784|e58b91ed60afc2c3267254a7492c6422|39404|00001300oclls6ukw2tn|13||200|0|0|794c0da0-8a57-471e-947e-4916caa09cf0|
13:50:11||Templates/Simple.odp|8|2|1735478788|4e28ffc8b6c2b6d03f7c259ffd91686e|14810|00001307oclls6ukw2tn|13||200|0|0|c5eb5289-2aad-4698-8d11-e7bf8ac20f96|
13:50:11||Templates/Sticky notes.whiteboard|8|2|1735478790|69ab153e670c28343382874559dffbbe|45778|00001321oclls6ukw2tn|13||200|0|0|091a0a43-bf4f-4b03-b8d1-83a1cdbd5500|
13:50:11||Templates/Syllabus.odt|8|2|1735478792|e2e7c4580d64947088caec9724a4cd38|30354|00001322oclls6ukw2tn|13||200|0|0|a4e62229-333b-44e4-8de8-4eedb15350ec|
13:50:11||Templates/Timesheet.ods|8|2|1735478797|1747a072b9c2b190718cb8be9f2661b3|88394|00001324oclls6ukw2tn|13||200|0|0|102a86fc-1442-4d93-98ee-11c6d6f4f466|
13:50:11||Templates/Timeline.whiteboard|8|2|1735478794|babbc7fa6a92285c10e8d6de3f48dd44|31325|00001323oclls6ukw2tn|13||200|0|0|512dbf2a-feba-42db-9d6e-d6ffeebe4836|
13:50:12||Templates/Venn diagram.whiteboard|8|2|1735478799|ecf12615ca38f36fbbb6d92ef8476d35|23359|00001325oclls6ukw2tn|13||200|0|0|67696ce7-5f75-44a1-b94b-de6ef9225e5b|
13:50:11||Templates/Photo book.odt|8|2|1735478779|422a6f2ca042580ad40f26eaa0eb24e9|5155877|00001297oclls6ukw2tn|13||200|0|0|1433209b-d44d-46f4-ab9e-3fbf6f685b5d|
13:50:12||Templates/Yellow idea.odp|8|2|1735478801|9d4f5ba3bb5a5fbbb00a2595970acb28|81196|00001326oclls6ukw2tn|13||200|0|0|a0831eb1-b9bd-45cf-b24b-bc5054c630dd|
13:50:12||Nextcloud.png|8|2|1735478810|5d783fe8d437e091898b8e6ff3020562|50598|00001329oclls6ukw2tn|13||200|0|0|72ac6f01-8ce2-4bf8-99ad-83f88dec1d7a|
13:50:12||Readme.md|8|2|1735478813|af042f45f35772c758cecb5f2aeaf13a|206|00001330oclls6ukw2tn|13||200|0|0|e1b1582e-2a6b-4e2b-a2ce-48627ee6fd71|
13:50:12||Reasons to use Nextcloud.pdf|8|2|1735478817|e0311e789eb14ddcb9acd25d46086258|976625|00001332oclls6ukw2tn|13||200|0|0|50346f1f-b07c-4d3e-9e14-585eb81c0fcf|
13:50:13||Templates credits.md|8|2|1735478822|b45fdbae2718bf58e703ed062d82c81e|2403|00001333oclls6ukw2tn|13||200|0|0|a1869253-808d-4d7e-b137-739a8e98eac3|
13:50:12||Nextcloud intro.mp4|8|2|1735478806|83b216570f9ec04a911ddeadeeee9932|3963036|00001328oclls6ukw2tn|13||200|0|0|96e74284-756e-4de6-8567-36527cbd1a2a|
13:50:12||Nextcloud Manual.pdf|8|2|1735478804|8bcf0b6436a739a858bf1dd6d95db30e|12860647|00001327oclls6ukw2tn|13||200|0|0|a7493463-3403-4888-a44c-0f527b05de74|
#=#=#=# Syncrun finished 2024-12-29T13:50:15Z (last step: 7916 msec, total: 9897 msec)
#=#=#=# Syncrun started 2024-12-29T13:50:20Z
#=#=#=#=# Propagation starts 2024-12-29T13:50:20Z (last step: 407 msec, total: 407 msec)
#=#=#=# Syncrun finished 2024-12-29T13:50:20Z (last step: 7 msec, total: 415 msec)
#=#=#=# Syncrun started 2024-12-29T14:03:34Z
#=#=#=#=# Propagation starts 2024-12-29T14:03:35Z (last step: 1655 msec, total: 1655 msec)
#=#=#=# Syncrun finished 2024-12-29T14:03:35Z (last step: 7 msec, total: 1662 msec)
#=#=#=# Syncrun started 2024-12-29T15:05:08Z
#=#=#=#=# Propagation starts 2024-12-29T15:05:10Z (last step: 1422 msec, total: 1422 msec)
15:05:10||Photos/b5079d66-c8a9-4115-b5ba-507369bcfc4a.png|8|2|1735412229|18f97e12b59491d36648d8ef84a2c38f|136992|00001790oclls6ukw2tn|13||200|0|0|40da301a-c882-4677-914f-7cddb841b028|
#=#=#=# Syncrun finished 2024-12-29T15:05:15Z (last step: 5762 msec, total: 7185 msec)
#=#=#=# Syncrun started 2024-12-29T15:05:20Z
#=#=#=#=# Propagation starts 2024-12-29T15:05:20Z (last step: 434 msec, total: 434 msec)
#=#=#=# Syncrun finished 2024-12-29T15:05:20Z (last step: 7 msec, total: 442 msec)
#=#=#=# Syncrun started 2024-12-29T15:56:42Z
#=#=#=#=# Propagation starts 2024-12-29T15:56:42Z (last step: 536 msec, total: 536 msec)
#=#=#=# Syncrun finished 2024-12-29T15:56:42Z (last step: 7 msec, total: 544 msec)
